Preparing to deploy application...DONE
Uploading bundle for application: 2061164...DONE
Deploying bundle: 3003702 for application: 2061164 ...
Waiting for task: 715164434
  building: Parsing manifest
  building: Building image: 3341337
  building: Installing system dependencies
  building: Fetching packages
  building: Installing packages
  building: Installing files
  building: Pushing image: 3341337
  deploying: Starting instances
  terminating: Stopping old instances
Application successfully deployed to https://marcomingione.shinyapps.io/StatGroupCovid19/
Preparing to deploy application...DONE
Uploading bundle for application: 2061164...DONE
Deploying bundle: 3007859 for application: 2061164 ...
Errore: HTTP 409
POST https://api.shinyapps.io/v1/applications/2061164/deploy
Unable to dispatch task for application=2061164, there are 1 tasks in progress
Esecuzione interrotta
The linter has identified potential problems in the project:

-----------------
Script/IcuDaily.R
-----------------
The following lines contain absolute paths:
17: source("C:/Users/marco/OneDrive/Desktop/Marco/Universita/StatGroupCovid19/Script/UsefulFuns.R")
18: load("C:/Users/marco/OneDrive/Desktop/Marco/Universita/StatGroupCovid19/Data/ICU/ICUOutput.RData")
35: save(outmod_terapie_plot, outmod_terapie_tab, file = "C:/Users/marco/OneDrive/Desktop/Marco/Universita/StatGroupCovid19/Data/ICU/ICUOutput.RData")

Paths should be to files within the project directory.
If your application fails to run post-deployment, please double-check these messages.
Preparing to deploy application...DONE
Uploading bundle for application: 2061164...DONE
Deploying bundle: 3012735 for application: 2061164 ...
Waiting for task: 716080716
  building: Parsing manifest
  building: Building image: 3352445
  building: Installing system dependencies
  building: Fetching packages
  building: Installing packages
  building: Installing files
  building: Pushing image: 3352445
  deploying: Starting instances
  rollforward: Activating new instances
  terminating: Stopping old instances
Application successfully deployed to https://marcomingione.shinyapps.io/StatGroupCovid19/
The linter has identified potential problems in the project:

-----------------
Script/IcuDaily.R
-----------------
The following lines contain absolute paths:
17: load("C:/Users/marco/OneDrive/Desktop/Marco/Universita/StatGroupCovid19/Data/ICU/ICUOutput.RData")
37:      file = "C:/Users/marco/OneDrive/Desktop/Marco/Universita/StatGroupCovid19/Data/ICU/ICUOutput.RData")

Paths should be to files within the project directory.
If your application fails to run post-deployment, please double-check these messages.
Preparing to deploy application...DONE
Uploading bundle for application: 2061164...DONE
Deploying bundle: 3018112 for application: 2061164 ...
Waiting for task: 716580090
  building: Parsing manifest
  building: Building image: 3359047
  building: Installing system dependencies
  building: Fetching packages
  building: Installing packages
  building: Installing files
  building: Pushing image: 3359047
  deploying: Starting instances
  rollforward: Activating new instances
  terminating: Stopping old instances
Application successfully deployed to https://marcomingione.shinyapps.io/StatGroupCovid19/
The linter has identified potential problems in the project:

-----------------
Script/IcuDaily.R
-----------------
The following lines contain absolute paths:
186: load("C:/Users/marco/OneDrive/Desktop/Marco/Universita/StatGroupCovid19/Data/ICU/PastICUPred.RData")
187: load("C:/Users/marco/OneDrive/Desktop/Marco/Universita/StatGroupCovid19/Data/ICU/ResICU.RData")
205: save(outmod_terapie_tab, file = "C:/Users/marco/OneDrive/Desktop/Marco/Universita/StatGroupCovid19/Data/ICU/PastICUPred.RData")

--------------------
Script/ICUPredPast.R
--------------------
The following lines contain absolute paths:
186: load("C:/Users/marco/OneDrive/Desktop/Marco/Universita/StatGroupCovid19/Data/ICU/ResICU.RData")

Paths should be to files within the project directory.
If your application fails to run post-deployment, please double-check these messages.
Preparing to deploy application...DONE
Uploading bundle for application: 2061164...DONE
Deploying bundle: 3027857 for application: 2061164 ...
Waiting for task: 717638568
  building: Parsing manifest
  building: Building image: 3370979
  building: Installing system dependencies
  building: Fetching packages
  building: Installing packages
  building: Installing files
  building: Pushing image: 3370979
  deploying: Starting instances
  terminating: Stopping old instances
Application successfully deployed to https://marcomingione.shinyapps.io/StatGroupCovid19/
