Carico il pacchetto richiesto: tidyverse
-- Attaching packages --------------------------------------- tidyverse 1.3.0 --
v ggplot2 3.3.0     v purrr   0.3.3
v tibble  3.0.0     v dplyr   0.8.5
v tidyr   1.0.2     v stringr 1.4.0
v readr   1.3.1     v forcats 0.5.0
-- Conflicts ------------------------------------------ tidyverse_conflicts() --
x dplyr::filter() masks stats::filter()
x dplyr::lag()    masks stats::lag()
Carico il pacchetto richiesto: magrittr

Attaching package: 'magrittr'

The following object is masked from 'package:purrr':

    set_names

The following object is masked from 'package:tidyr':

    extract

Carico il pacchetto richiesto: lubridate

Attaching package: 'lubridate'

The following object is masked from 'package:base':

    date

Carico il pacchetto richiesto: DT
Carico il pacchetto richiesto: stringi
Carico il pacchetto richiesto: MASS

Attaching package: 'MASS'

The following object is masked from 'package:dplyr':

    select

Carico il pacchetto richiesto: rmutil
Registered S3 method overwritten by 'rmutil':
  method         from
  print.response httr

Attaching package: 'rmutil'

The following object is masked from 'package:tidyr':

    nesting

The following object is masked from 'package:stats':

    nobs

The following objects are masked from 'package:base':

    as.data.frame, units

Carico il pacchetto richiesto: nplr
Carico il pacchetto richiesto: tscount
Carico il pacchetto richiesto: foreach

Attaching package: 'foreach'

The following object is masked from 'package:rmutil':

    times

The following objects are masked from 'package:purrr':

    accumulate, when

Carico il pacchetto richiesto: doSNOW
Carico il pacchetto richiesto: iterators
Carico il pacchetto richiesto: snow
Carico il pacchetto richiesto: lme4
Carico il pacchetto richiesto: Matrix

Attaching package: 'Matrix'

The following objects are masked from 'package:tidyr':

    expand, pack, unpack

Parsed with column specification:
cols(
  data = col_datetime(format = ""),
  stato = col_character(),
  codice_regione = col_character(),
  denominazione_regione = col_character(),
  lat = col_double(),
  long = col_double(),
  ricoverati_con_sintomi = col_double(),
  terapia_intensiva = col_double(),
  totale_ospedalizzati = col_double(),
  isolamento_domiciliare = col_double(),
  totale_positivi = col_double(),
  variazione_totale_positivi = col_double(),
  nuovi_positivi = col_double(),
  dimessi_guariti = col_double(),
  deceduti = col_double(),
  totale_casi = col_double(),
  tamponi = col_double(),
  note_it = col_character(),
  note_en = col_character()
)
Error in file(file, "rt") : non posso aprire questa connessione
Calls: read.csv -> read.table -> file
Inoltre: Warning message:
In file(file, "rt") :
  cannot open file 'C:/Users/marco/OneDrive/Desktop/Marco/Universita/StatGroupCovid19/Data/Data/residenti2019.csv': No such file or directory
Esecuzione interrotta
Carico il pacchetto richiesto: tidyverse
-- Attaching packages --------------------------------------- tidyverse 1.3.0 --
v ggplot2 3.3.0     v purrr   0.3.3
v tibble  3.0.0     v dplyr   0.8.5
v tidyr   1.0.2     v stringr 1.4.0
v readr   1.3.1     v forcats 0.5.0
-- Conflicts ------------------------------------------ tidyverse_conflicts() --
x dplyr::filter() masks stats::filter()
x dplyr::lag()    masks stats::lag()
Carico il pacchetto richiesto: magrittr

Attaching package: 'magrittr'

The following object is masked from 'package:purrr':

    set_names

The following object is masked from 'package:tidyr':

    extract

Carico il pacchetto richiesto: lubridate

Attaching package: 'lubridate'

The following object is masked from 'package:base':

    date

Carico il pacchetto richiesto: DT
Carico il pacchetto richiesto: stringi
Carico il pacchetto richiesto: MASS

Attaching package: 'MASS'

The following object is masked from 'package:dplyr':

    select

Carico il pacchetto richiesto: rmutil
Registered S3 method overwritten by 'rmutil':
  method         from
  print.response httr

Attaching package: 'rmutil'

The following object is masked from 'package:tidyr':

    nesting

The following object is masked from 'package:stats':

    nobs

The following objects are masked from 'package:base':

    as.data.frame, units

Carico il pacchetto richiesto: nplr
Carico il pacchetto richiesto: tscount
Carico il pacchetto richiesto: foreach

Attaching package: 'foreach'

The following object is masked from 'package:rmutil':

    times

The following objects are masked from 'package:purrr':

    accumulate, when

Carico il pacchetto richiesto: doSNOW
Carico il pacchetto richiesto: iterators
Carico il pacchetto richiesto: snow
Carico il pacchetto richiesto: lme4
Carico il pacchetto richiesto: Matrix

Attaching package: 'Matrix'

The following objects are masked from 'package:tidyr':

    expand, pack, unpack

Parsed with column specification:
cols(
  data = col_datetime(format = ""),
  stato = col_character(),
  codice_regione = col_character(),
  denominazione_regione = col_character(),
  lat = col_double(),
  long = col_double(),
  ricoverati_con_sintomi = col_double(),
  terapia_intensiva = col_double(),
  totale_ospedalizzati = col_double(),
  isolamento_domiciliare = col_double(),
  totale_positivi = col_double(),
  variazione_totale_positivi = col_double(),
  nuovi_positivi = col_double(),
  dimessi_guariti = col_double(),
  deceduti = col_double(),
  totale_casi = col_double(),
  tamponi = col_double(),
  note_it = col_character(),
  note_en = col_character()
)
Error in file(file, "rt") : non posso aprire questa connessione
Calls: read.csv -> read.table -> file
Inoltre: Warning message:
In file(file, "rt") :
  cannot open file 'residenti2019.csv': No such file or directory
Esecuzione interrotta
Carico il pacchetto richiesto: tidyverse
-- Attaching packages --------------------------------------- tidyverse 1.3.0 --
v ggplot2 3.3.0     v purrr   0.3.3
v tibble  3.0.0     v dplyr   0.8.5
v tidyr   1.0.2     v stringr 1.4.0
v readr   1.3.1     v forcats 0.5.0
-- Conflicts ------------------------------------------ tidyverse_conflicts() --
x dplyr::filter() masks stats::filter()
x dplyr::lag()    masks stats::lag()
Carico il pacchetto richiesto: magrittr

Attaching package: 'magrittr'

The following object is masked from 'package:purrr':

    set_names

The following object is masked from 'package:tidyr':

    extract

Carico il pacchetto richiesto: lubridate

Attaching package: 'lubridate'

The following object is masked from 'package:base':

    date

Carico il pacchetto richiesto: DT
Carico il pacchetto richiesto: stringi
Carico il pacchetto richiesto: MASS

Attaching package: 'MASS'

The following object is masked from 'package:dplyr':

    select

Carico il pacchetto richiesto: rmutil
Registered S3 method overwritten by 'rmutil':
  method         from
  print.response httr

Attaching package: 'rmutil'

The following object is masked from 'package:tidyr':

    nesting

The following object is masked from 'package:stats':

    nobs

The following objects are masked from 'package:base':

    as.data.frame, units

Carico il pacchetto richiesto: nplr
Carico il pacchetto richiesto: tscount
Carico il pacchetto richiesto: foreach

Attaching package: 'foreach'

The following object is masked from 'package:rmutil':

    times

The following objects are masked from 'package:purrr':

    accumulate, when

Carico il pacchetto richiesto: doSNOW
Carico il pacchetto richiesto: iterators
Carico il pacchetto richiesto: snow
Carico il pacchetto richiesto: lme4
Carico il pacchetto richiesto: Matrix

Attaching package: 'Matrix'

The following objects are masked from 'package:tidyr':

    expand, pack, unpack

Parsed with column specification:
cols(
  data = col_datetime(format = ""),
  stato = col_character(),
  codice_regione = col_character(),
  denominazione_regione = col_character(),
  lat = col_double(),
  long = col_double(),
  ricoverati_con_sintomi = col_double(),
  terapia_intensiva = col_double(),
  totale_ospedalizzati = col_double(),
  isolamento_domiciliare = col_double(),
  totale_positivi = col_double(),
  variazione_totale_positivi = col_double(),
  nuovi_positivi = col_double(),
  dimessi_guariti = col_double(),
  deceduti = col_double(),
  totale_casi = col_double(),
  tamponi = col_double(),
  note_it = col_character(),
  note_en = col_character()
)
boundary (singular) fit: see ?isSingular
boundary (singular) fit: see ?isSingular
Carico il pacchetto richiesto: tidyverse
-- Attaching packages --------------------------------------- tidyverse 1.3.0 --
v ggplot2 3.3.0     v purrr   0.3.3
v tibble  3.0.0     v dplyr   0.8.5
v tidyr   1.0.2     v stringr 1.4.0
v readr   1.3.1     v forcats 0.5.0
-- Conflicts ------------------------------------------ tidyverse_conflicts() --
x dplyr::filter() masks stats::filter()
x dplyr::lag()    masks stats::lag()
Carico il pacchetto richiesto: magrittr

Attaching package: 'magrittr'

The following object is masked from 'package:purrr':

    set_names

The following object is masked from 'package:tidyr':

    extract

Carico il pacchetto richiesto: lubridate

Attaching package: 'lubridate'

The following object is masked from 'package:base':

    date

Carico il pacchetto richiesto: DT
Carico il pacchetto richiesto: stringi
Carico il pacchetto richiesto: MASS

Attaching package: 'MASS'

The following object is masked from 'package:dplyr':

    select

Carico il pacchetto richiesto: rmutil
Registered S3 method overwritten by 'rmutil':
  method         from
  print.response httr

Attaching package: 'rmutil'

The following object is masked from 'package:tidyr':

    nesting

The following object is masked from 'package:stats':

    nobs

The following objects are masked from 'package:base':

    as.data.frame, units

Carico il pacchetto richiesto: nplr
Carico il pacchetto richiesto: tscount
Carico il pacchetto richiesto: foreach

Attaching package: 'foreach'

The following object is masked from 'package:rmutil':

    times

The following objects are masked from 'package:purrr':

    accumulate, when

Carico il pacchetto richiesto: doSNOW
Carico il pacchetto richiesto: iterators
Carico il pacchetto richiesto: snow
Carico il pacchetto richiesto: lme4
Carico il pacchetto richiesto: Matrix

Attaching package: 'Matrix'

The following objects are masked from 'package:tidyr':

    expand, pack, unpack

Parsed with column specification:
cols(
  data = col_datetime(format = ""),
  stato = col_character(),
  codice_regione = col_character(),
  denominazione_regione = col_character(),
  lat = col_double(),
  long = col_double(),
  ricoverati_con_sintomi = col_double(),
  terapia_intensiva = col_double(),
  totale_ospedalizzati = col_double(),
  isolamento_domiciliare = col_double(),
  totale_positivi = col_double(),
  variazione_totale_positivi = col_double(),
  nuovi_positivi = col_double(),
  dimessi_guariti = col_double(),
  deceduti = col_double(),
  totale_casi = col_double(),
  tamponi = col_double(),
  note_it = col_character(),
  note_en = col_character()
)
Error in select(., data, denominazione_regione, `Terapia intensiva`) : 
  unused arguments (data, denominazione_regione, `Terapia intensiva`)
Calls: dataprep_terapie ... withVisible -> eval -> eval -> _fseq -> freduce -> <Anonymous>
Esecuzione interrotta
